{"level":"info","message":"Initializing external services...","service":"tanish-physio-backend","timestamp":"2026-02-24T07:37:30.473Z"}
{"level":"info","message":"Google Calendar API initialized successfully","service":"tanish-physio-backend","timestamp":"2026-02-24T07:37:30.484Z"}
{"level":"info","message":"✓ Google Calendar API initialized successfully","service":"tanish-physio-backend","timestamp":"2026-02-24T07:37:30.486Z"}
{"level":"info","message":"Email transporter is ready to send messages","service":"tanish-physio-backend","timestamp":"2026-02-24T07:37:32.811Z"}
{"level":"info","message":"✓ Email service transporter initialized successfully","service":"tanish-physio-backend","timestamp":"2026-02-24T07:37:32.812Z"}
{"level":"warn","message":"⚠ Contact email service initialization failed - contact functionality may be unavailable","service":"tanish-physio-backend","timestamp":"2026-02-24T07:37:32.813Z"}
{"0":"i","1":"n","10":"C","11":"o","12":"n","13":"t","14":"a","15":"c","16":"t","17":"T","18":"r","19":"a","2":"i","20":"n","21":"s","22":"p","23":"o","24":"r","25":"t","26":"e","27":"r","28":" ","29":"i","3":"t","30":"s","31":" ","32":"n","33":"o","34":"t","35":" ","36":"a","37":" ","38":"f","39":"u","4":"i","40":"n","41":"c","42":"t","43":"i","44":"o","45":"n","5":"a","6":"l","7":"i","8":"z","9":"e","level":"error","message":"Contact email error details:","service":"tanish-physio-backend","timestamp":"2026-02-24T07:37:32.815Z"}
{"level":"info","message":"External services initialization completed","service":"tanish-physio-backend","timestamp":"2026-02-24T07:37:32.816Z"}
{"level":"info","message":"Email transporter is ready to send messages","service":"tanish-physio-backend","timestamp":"2026-02-24T07:37:32.836Z"}
{"level":"info","message":"Admin 6983285edd35041942ccbffd joined admin notification room","service":"tanish-physio-backend","timestamp":"2026-02-24T07:37:36.938Z"}
{"level":"info","message":"Initializing external services...","service":"tanish-physio-backend","timestamp":"2026-02-24T07:41:59.457Z"}
{"level":"info","message":"Google Calendar API initialized successfully","service":"tanish-physio-backend","timestamp":"2026-02-24T07:41:59.466Z"}
{"level":"info","message":"✓ Google Calendar API initialized successfully","service":"tanish-physio-backend","timestamp":"2026-02-24T07:41:59.489Z"}
{"level":"info","message":"Email transporter is ready to send messages","service":"tanish-physio-backend","timestamp":"2026-02-24T07:42:01.938Z"}
{"level":"info","message":"Email transporter is ready to send messages","service":"tanish-physio-backend","timestamp":"2026-02-24T07:42:01.954Z"}
{"level":"info","message":"✓ Email service transporter initialized successfully","service":"tanish-physio-backend","timestamp":"2026-02-24T07:42:01.955Z"}
{"level":"warn","message":"⚠ Contact email service initialization failed - contact functionality may be unavailable","service":"tanish-physio-backend","timestamp":"2026-02-24T07:42:01.956Z"}
{"0":"i","1":"n","10":"C","11":"o","12":"n","13":"t","14":"a","15":"c","16":"t","17":"T","18":"r","19":"a","2":"i","20":"n","21":"s","22":"p","23":"o","24":"r","25":"t","26":"e","27":"r","28":" ","29":"i","3":"t","30":"s","31":" ","32":"n","33":"o","34":"t","35":" ","36":"a","37":" ","38":"f","39":"u","4":"i","40":"n","41":"c","42":"t","43":"i","44":"o","45":"n","5":"a","6":"l","7":"i","8":"z","9":"e","level":"error","message":"Contact email error details:","service":"tanish-physio-backend","timestamp":"2026-02-24T07:42:01.958Z"}
{"level":"info","message":"External services initialization completed","service":"tanish-physio-backend","timestamp":"2026-02-24T07:42:01.963Z"}
{"level":"info","message":"Admin 6983285edd35041942ccbffd joined admin notification room","service":"tanish-physio-backend","timestamp":"2026-02-24T07:42:02.166Z"}
{"level":"info","message":"User 699d4c3bcb630aa2c1f6119d disconnected from chat","service":"tanish-physio-backend","timestamp":"2026-02-24T07:42:51.535Z"}
{"level":"info","message":"Socket gCcczAjZuaTer9VHAAAD disconnected","service":"tanish-physio-backend","timestamp":"2026-02-24T07:42:51.539Z"}
{"level":"info","message":"Admin socket gCcczAjZuaTer9VHAAAD disconnected","service":"tanish-physio-backend","timestamp":"2026-02-24T07:42:51.560Z"}
{"level":"info","message":"Initializing external services...","service":"tanish-physio-backend","timestamp":"2026-02-24T07:51:39.524Z"}
{"level":"info","message":"Google Calendar API initialized successfully","service":"tanish-physio-backend","timestamp":"2026-02-24T07:51:39.533Z"}
{"level":"info","message":"✓ Google Calendar API initialized successfully","service":"tanish-physio-backend","timestamp":"2026-02-24T07:51:39.534Z"}
{"level":"info","message":"Email transporter is ready to send messages","service":"tanish-physio-backend","timestamp":"2026-02-24T07:51:43.377Z"}
{"level":"info","message":"✓ Email service transporter initialized successfully","service":"tanish-physio-backend","timestamp":"2026-02-24T07:51:43.378Z"}
{"level":"warn","message":"⚠ Contact email service initialization failed - contact functionality may be unavailable","service":"tanish-physio-backend","timestamp":"2026-02-24T07:51:43.379Z"}
{"0":"i","1":"n","10":"C","11":"o","12":"n","13":"t","14":"a","15":"c","16":"t","17":"T","18":"r","19":"a","2":"i","20":"n","21":"s","22":"p","23":"o","24":"r","25":"t","26":"e","27":"r","28":" ","29":"i","3":"t","30":"s","31":" ","32":"n","33":"o","34":"t","35":" ","36":"a","37":" ","38":"f","39":"u","4":"i","40":"n","41":"c","42":"t","43":"i","44":"o","45":"n","5":"a","6":"l","7":"i","8":"z","9":"e","level":"error","message":"Contact email error details:","service":"tanish-physio-backend","timestamp":"2026-02-24T07:51:43.381Z"}
{"level":"info","message":"External services initialization completed","service":"tanish-physio-backend","timestamp":"2026-02-24T07:51:43.382Z"}
{"level":"info","message":"Email transporter is ready to send messages","service":"tanish-physio-backend","timestamp":"2026-02-24T07:51:43.394Z"}
{"level":"info","message":"Admin 6983285edd35041942ccbffd joined admin notification room","service":"tanish-physio-backend","timestamp":"2026-02-24T07:51:46.623Z"}
{"level":"info","message":"User 6983285edd35041942ccbffd disconnected from chat","service":"tanish-physio-backend","timestamp":"2026-02-24T08:00:38.696Z"}
{"level":"info","message":"Socket tzrX7ejHmNXeBL-VAAAB disconnected","service":"tanish-physio-backend","timestamp":"2026-02-24T08:00:38.728Z"}
{"level":"info","message":"Admin socket tzrX7ejHmNXeBL-VAAAB disconnected","service":"tanish-physio-backend","timestamp":"2026-02-24T08:00:38.730Z"}
{"level":"info","message":"Admin 6983285edd35041942ccbffd joined admin notification room","service":"tanish-physio-backend","timestamp":"2026-02-24T08:00:39.669Z"}
{"level":"info","message":"User 6983285edd35041942ccbffd disconnected from chat","service":"tanish-physio-backend","timestamp":"2026-02-24T08:00:54.807Z"}
{"level":"info","message":"Socket dtjIJ2WFC7GcU_spAAAD disconnected","service":"tanish-physio-backend","timestamp":"2026-02-24T08:00:54.807Z"}
{"level":"info","message":"Admin socket dtjIJ2WFC7GcU_spAAAD disconnected","service":"tanish-physio-backend","timestamp":"2026-02-24T08:00:54.808Z"}
{"level":"info","message":"Initializing external services...","service":"tanish-physio-backend","timestamp":"2026-02-24T08:02:37.371Z"}
{"level":"info","message":"Google Calendar API initialized successfully","service":"tanish-physio-backend","timestamp":"2026-02-24T08:02:37.383Z"}
{"level":"info","message":"✓ Google Calendar API initialized successfully","service":"tanish-physio-backend","timestamp":"2026-02-24T08:02:37.385Z"}
{"level":"info","message":"Initializing external services...","service":"tanish-physio-backend","timestamp":"2026-02-24T08:02:48.997Z"}
{"level":"info","message":"Google Calendar API initialized successfully","service":"tanish-physio-backend","timestamp":"2026-02-24T08:02:49.011Z"}
{"level":"info","message":"✓ Google Calendar API initialized successfully","service":"tanish-physio-backend","timestamp":"2026-02-24T08:02:49.012Z"}
{"level":"info","message":"Email transporter is ready to send messages","service":"tanish-physio-backend","timestamp":"2026-02-24T08:02:51.283Z"}
{"level":"info","message":"✓ Email service transporter initialized successfully","service":"tanish-physio-backend","timestamp":"2026-02-24T08:02:51.285Z"}
{"level":"warn","message":"⚠ Contact email service initialization failed - contact functionality may be unavailable","service":"tanish-physio-backend","timestamp":"2026-02-24T08:02:51.286Z"}
{"0":"i","1":"n","10":"C","11":"o","12":"n","13":"t","14":"a","15":"c","16":"t","17":"T","18":"r","19":"a","2":"i","20":"n","21":"s","22":"p","23":"o","24":"r","25":"t","26":"e","27":"r","28":" ","29":"i","3":"t","30":"s","31":" ","32":"n","33":"o","34":"t","35":" ","36":"a","37":" ","38":"f","39":"u","4":"i","40":"n","41":"c","42":"t","43":"i","44":"o","45":"n","5":"a","6":"l","7":"i","8":"z","9":"e","level":"error","message":"Contact email error details:","service":"tanish-physio-backend","timestamp":"2026-02-24T08:02:51.287Z"}
{"level":"info","message":"External services initialization completed","service":"tanish-physio-backend","timestamp":"2026-02-24T08:02:51.290Z"}
{"level":"info","message":"Email transporter is ready to send messages","service":"tanish-physio-backend","timestamp":"2026-02-24T08:02:51.326Z"}
{"level":"info","message":"Admin 699c38d410b01dd502682e5f joined admin notification room","service":"tanish-physio-backend","timestamp":"2026-02-24T08:03:26.612Z"}
{"level":"info","message":"User 699d5caa9e9bbe656acd6c4a disconnected from chat","service":"tanish-physio-backend","timestamp":"2026-02-24T08:16:35.793Z"}
{"level":"info","message":"Socket i1eO2Wp2sMLUVP_EAAAD disconnected","service":"tanish-physio-backend","timestamp":"2026-02-24T08:16:35.891Z"}
{"level":"info","message":"Admin socket i1eO2Wp2sMLUVP_EAAAD disconnected","service":"tanish-physio-backend","timestamp":"2026-02-24T08:16:35.896Z"}
{"level":"info","message":"User 699d5fca9e9bbe656acd6ce5 disconnected from chat","service":"tanish-physio-backend","timestamp":"2026-02-24T08:23:37.460Z"}
{"level":"info","message":"Socket WQxj-tXTJFngYBZwAAAF disconnected","service":"tanish-physio-backend","timestamp":"2026-02-24T08:23:37.495Z"}
{"level":"info","message":"Admin socket WQxj-tXTJFngYBZwAAAF disconnected","service":"tanish-physio-backend","timestamp":"2026-02-24T08:23:37.496Z"}
{"level":"info","message":"User 699c38d410b01dd502682e5f disconnected from chat","service":"tanish-physio-backend","timestamp":"2026-02-24T08:25:31.044Z"}
{"level":"info","message":"Socket WtRX2jdaQ2WCJi5_AAAB disconnected","service":"tanish-physio-backend","timestamp":"2026-02-24T08:25:31.050Z"}
{"level":"info","message":"Admin socket WtRX2jdaQ2WCJi5_AAAB disconnected","service":"tanish-physio-backend","timestamp":"2026-02-24T08:25:31.053Z"}
{"level":"info","message":"Admin 699c38d410b01dd502682e5f joined admin notification room","service":"tanish-physio-backend","timestamp":"2026-02-24T08:25:33.362Z"}
{"level":"info","message":"User 699c38d410b01dd502682e5f disconnected from chat","service":"tanish-physio-backend","timestamp":"2026-02-24T08:27:07.922Z"}
{"level":"info","message":"Socket KIzHrEtWgT1_K-DoAAAJ disconnected","service":"tanish-physio-backend","timestamp":"2026-02-24T08:27:07.923Z"}
{"level":"info","message":"Admin socket KIzHrEtWgT1_K-DoAAAJ disconnected","service":"tanish-physio-backend","timestamp":"2026-02-24T08:27:07.924Z"}
{"level":"info","message":"Admin 699c38d410b01dd502682e5f joined admin notification room","service":"tanish-physio-backend","timestamp":"2026-02-24T08:27:29.165Z"}
{"level":"info","message":"User 699c38d410b01dd502682e5f disconnected from chat","service":"tanish-physio-backend","timestamp":"2026-02-24T08:27:29.541Z"}
{"level":"info","message":"Socket Iy_h32BRLFO6er82AAAL disconnected","service":"tanish-physio-backend","timestamp":"2026-02-24T08:27:29.542Z"}
{"level":"info","message":"Admin socket Iy_h32BRLFO6er82AAAL disconnected","service":"tanish-physio-backend","timestamp":"2026-02-24T08:27:29.542Z"}
{"level":"info","message":"Admin 699c38d410b01dd502682e5f joined admin notification room","service":"tanish-physio-backend","timestamp":"2026-02-24T08:27:29.559Z"}
